<?xml version="1.0" encoding="UTF-8"?>
<testsuite xmlns:xsi="http://www.w3.org/2001/XMLSchema-instance" xsi:noNamespaceSchemaLocation="https://maven.apache.org/surefire/maven-surefire-plugin/xsd/surefire-test-report-3.0.xsd" version="3.0" name="TestEpresionesRegulares" time="17.087" tests="6" errors="0" skipped="0" failures="0">
  <properties>
    <property name="jpda.address" value="60397"/>
    <property name="java.specification.version" value="22"/>
    <property name="sun.cpu.isalist" value="amd64"/>
    <property name="sun.jnu.encoding" value="Cp1252"/>
    <property name="java.class.path" value="C:\Users\aWa\Documents\NetBeansProjects\Tema_13_ejemplos\target\test-classes;C:\Users\aWa\Documents\NetBeansProjects\Tema_13_ejemplos\target\classes;C:\Users\aWa\.m2\repository\junit\junit\4.13.2\junit-4.13.2.jar;C:\Users\aWa\.m2\repository\org\hamcrest\hamcrest-core\1.3\hamcrest-core-1.3.jar;"/>
    <property name="java.vm.vendor" value="Oracle Corporation"/>
    <property name="sun.arch.data.model" value="64"/>
    <property name="user.variant" value=""/>
    <property name="java.vendor.url" value="https://java.oracle.com/"/>
    <property name="user.timezone" value="Europe/Madrid"/>
    <property name="forkMode" value="once"/>
    <property name="os.name" value="Windows 11"/>
    <property name="java.vm.specification.version" value="22"/>
    <property name="user.country" value="ES"/>
    <property name="sun.java.launcher" value="SUN_STANDARD"/>
    <property name="sun.boot.library.path" value="C:\Program Files\Java\jdk-22\bin"/>
    <property name="sun.java.command" value="C:\Users\aWa\AppData\Local\Temp\surefire16855014449241132529\surefirebooter-20250122151730381_3.jar C:\Users\aWa\AppData\Local\Temp\surefire16855014449241132529 2025-01-22T15-17-30_291-jvmRun1 surefire-20250122151730381_1tmp surefire_0-20250122151730381_2tmp"/>
    <property name="jdk.debug" value="release"/>
    <property name="test" value="TestEpresionesRegulares"/>
    <property name="surefire.test.class.path" value="C:\Users\aWa\Documents\NetBeansProjects\Tema_13_ejemplos\target\test-classes;C:\Users\aWa\Documents\NetBeansProjects\Tema_13_ejemplos\target\classes;C:\Users\aWa\.m2\repository\junit\junit\4.13.2\junit-4.13.2.jar;C:\Users\aWa\.m2\repository\org\hamcrest\hamcrest-core\1.3\hamcrest-core-1.3.jar;"/>
    <property name="sun.cpu.endian" value="little"/>
    <property name="user.home" value="C:\Users\aWa"/>
    <property name="user.language" value="es"/>
    <property name="java.specification.vendor" value="Oracle Corporation"/>
    <property name="java.version.date" value="2024-07-16"/>
    <property name="java.home" value="C:\Program Files\Java\jdk-22"/>
    <property name="file.separator" value="\"/>
    <property name="basedir" value="C:\Users\aWa\Documents\NetBeansProjects\Tema_13_ejemplos"/>
    <property name="java.vm.compressedOopsMode" value="Zero based"/>
    <property name="line.separator" value="&#10;"/>
    <property name="java.vm.specification.vendor" value="Oracle Corporation"/>
    <property name="java.specification.name" value="Java Platform API Specification"/>
    <property name="surefire.real.class.path" value="C:\Users\aWa\AppData\Local\Temp\surefire16855014449241132529\surefirebooter-20250122151730381_3.jar"/>
    <property name="user.script" value=""/>
    <property name="sun.management.compiler" value="HotSpot 64-Bit Tiered Compilers"/>
    <property name="java.runtime.version" value="22.0.2+9-70"/>
    <property name="user.name" value="aWa"/>
    <property name="stdout.encoding" value="Cp1252"/>
    <property name="path.separator" value=";"/>
    <property name="os.version" value="10.0"/>
    <property name="java.runtime.name" value="Java(TM) SE Runtime Environment"/>
    <property name="file.encoding" value="UTF-8"/>
    <property name="java.vm.name" value="Java HotSpot(TM) 64-Bit Server VM"/>
    <property name="jpda.listen" value="true"/>
    <property name="maven.ext.class.path" value="C:\Program Files\NetBeans-21\netbeans\java\maven-nblib\netbeans-eventspy.jar"/>
    <property name="localRepository" value="C:\Users\aWa\.m2\repository"/>
    <property name="java.vendor.url.bug" value="https://bugreport.java.com/bugreport/"/>
    <property name="java.io.tmpdir" value="C:\Users\aWa\AppData\Local\Temp\"/>
    <property name="java.version" value="22.0.2"/>
    <property name="user.dir" value="C:\Users\aWa\Documents\NetBeansProjects\Tema_13_ejemplos"/>
    <property name="os.arch" value="amd64"/>
    <property name="java.vm.specification.name" value="Java Virtual Machine Specification"/>
    <property name="sun.os.patch.level" value=""/>
    <property name="native.encoding" value="Cp1252"/>
    <property name="java.library.path" value="C:\Program Files\Java\jdk-22\bin;C:\WINDOWS\Sun\Java\bin;C:\WINDOWS\system32;C:\WINDOWS;C:\Program Files\Java\jdk-22\bin;C:\Program Files\Common Files\Oracle\Java\javapath;C:\Program Files (x86)\Common Files\Oracle\Java\java8path;C:\Program Files (x86)\Common Files\Oracle\Java\javapath;C:\Python312\Scripts\;C:\Python312\;C:\WINDOWS\system32;C:\WINDOWS;C:\WINDOWS\System32\Wbem;C:\WINDOWS\System32\WindowsPowerShell\v1.0\;C:\WINDOWS\System32\OpenSSH\;C:\Program Files\AutoFirma\AutoFirma;C:\Program Files\nodejs\;C:\ProgramData\chocolatey\bin;C:\Users\MEDAC\Documents\vim910\Vim\vim91;C:\Program Files\Git\cmd;C:\Program Files\PuTTY\;;C:\Program Files\Docker\Docker\resources\bin;C:\Users\aWa\AppData\Local\Microsoft\WindowsApps;C:\tools\neovim\nvim-win64\bin;C:\Program Files\JetBrains\PyCharm Community Edition 2024.3.1.1\bin;."/>
    <property name="java.vm.info" value="mixed mode, sharing"/>
    <property name="stderr.encoding" value="Cp1252"/>
    <property name="java.vendor" value="Oracle Corporation"/>
    <property name="java.vm.version" value="22.0.2+9-70"/>
    <property name="sun.io.unicode.encoding" value="UnicodeLittle"/>
    <property name="java.class.version" value="66.0"/>
    <property name="maven.surefire.debug" value="-agentlib:jdwp=transport=dt_socket,server=n,address=60397"/>
  </properties>
  <testcase name="compruebaValidaTelf_Incorrectos" classname="TestEpresionesRegulares" time="0.008">
    <system-out><![CDATA[Se ejecuta ...setUpClass...
	Creo los recursos necesarios
	Creando clase y Lista de textos ...
/////...setUp.../////
Ejecutando test .... compruebaValidaTelf_Incorrectos
No hay coincidencia
Telefono (+35123456789) es Incorrecto
No hay coincidencia
Telefono (123456789_) es Incorrecto
No hay coincidencia
Telefono (+34123456789_) es Incorrecto
No hay coincidencia
Telefono (aa123456789) es Incorrecto
/////...tearDown.../////
]]></system-out>
  </testcase>
  <testcase name="compruebaValidaTelf_Correctos" classname="TestEpresionesRegulares" time="0.001">
    <system-out><![CDATA[/////...setUp.../////
Ejecutando test .... compruebaValidaTelf_Correctos
Coincidencia encontrada
Telefono (+34952843185) es CORRECTO
Coincidencia encontrada
Telefono (952843185) es CORRECTO
/////...tearDown.../////
]]></system-out>
  </testcase>
  <testcase name="compruebaValidaDNI_Incorrectos" classname="TestEpresionesRegulares" time="0.002">
    <system-out><![CDATA[/////...setUp.../////
Ejecutando test .... compruebaValidaDNI_Incorrectos
No hay coincidencia
DNI (1234567T) es incorrecto
No hay coincidencia
DNI (1234567t) es incorrecto
No hay coincidencia
DNI (12345678-T) es incorrecto
No hay coincidencia
DNI (12345678-t) es incorrecto
No hay coincidencia
DNI (12345678t) es incorrecto
/////...tearDown.../////
]]></system-out>
  </testcase>
  <testcase name="compruebaParametroEntradaVacio" classname="TestEpresionesRegulares" time="0.001">
    <system-out><![CDATA[/////...setUp.../////
Ejecutando test .... compruebaParametroEntradaVacio
/////...tearDown.../////
]]></system-out>
  </testcase>
  <testcase name="compruebaValidaDNI_Correctos" classname="TestEpresionesRegulares" time="0.001">
    <system-out><![CDATA[/////...setUp.../////
Ejecutando test .... compruebaValidaDNI_Correctos
Coincidencia encontrada
DNI (12345678T) es CORRECTO
Coincidencia encontrada
DNI (11111111W) es CORRECTO
Coincidencia encontrada
DNI (00112211F) es CORRECTO
/////...tearDown.../////
]]></system-out>
  </testcase>
  <testcase name="compruebaParametroEntradaNull" classname="TestEpresionesRegulares" time="0.001">
    <system-out><![CDATA[/////...setUp.../////
Ejecutando test .... compruebaParametroEntradaNull
/////...tearDown.../////
]]></system-out>
  </testcase>
</testsuite>